{
  "stats": {
    "suites": 1,
    "tests": 2,
    "passes": 0,
    "pending": 0,
    "failures": 2,
    "start": "2023-10-27T16:48:24.656Z",
    "end": "2023-10-27T16:48:51.466Z",
    "duration": 26810,
    "testsRegistered": 2,
    "passPercent": 0,
    "pendingPercent": 0,
    "other": 0,
    "hasOther": false,
    "skipped": 0,
    "hasSkipped": false
  },
  "results": [
    {
      "uuid": "69362e00-6a53-4be3-b6c2-5b74f20ddb73",
      "title": "",
      "fullFile": "cypress\\e2e\\scenarioSteps\\boynerManHat.feature",
      "file": "cypress\\e2e\\scenarioSteps\\boynerManHat.feature",
      "beforeHooks": [],
      "afterHooks": [],
      "tests": [],
      "suites": [
        {
          "uuid": "d7f34939-e7b5-4d30-91d8-ff9d5e4d385f",
          "title": "Hat",
          "fullFile": "",
          "file": "",
          "beforeHooks": [],
          "afterHooks": [],
          "tests": [
            {
              "title": "Select Hat",
              "fullTitle": "Hat Select Hat",
              "timedOut": null,
              "duration": 9724,
              "state": "failed",
              "speed": null,
              "pass": false,
              "fail": true,
              "pending": false,
              "context": null,
              "code": "const state = window.testState;\nreturn cy\n  .then(() => state.onStartScenario(scenario, indexedSteps))\n  .then(() =>\n    resolveAndRunBeforeHooks.call(this, scenario.tags, state.feature.name)\n  )\n  .then(() =>\n    indexedSteps.forEach((step) =>\n      stepTest.call(this, state, step, rowData)\n    )\n  )\n  .then(() => state.onFinishScenario(scenario));",
              "err": {
                "message": "AssertionError: Timed out retrying after 4000ms: Expected to find element: `.login-form_emailWrapper__UcrQc > :nth-child(1) > .input_inputGrid__UFWmw > .input_inputContent__emKRb`, but never found it.",
                "estack": "AssertionError: Timed out retrying after 4000ms: Expected to find element: `.login-form_emailWrapper__UcrQc > :nth-child(1) > .input_inputGrid__UFWmw > .input_inputContent__emKRb`, but never found it.\n    at BoynerMan.login (cypress/pages/boynerMan.js:26:31)\n    at Context.eval (cypress/e2e/stepDefinitions/boynerManHat.js:45:13)\n    at Context.resolveAndRunStepDefinition (node_modules/cypress-cucumber-preprocessor/lib/resolveStepDefinition.js:193:0)\n    at Context.eval (node_modules/cypress-cucumber-preprocessor/lib/createTestFromScenario.js:27:0)",
                "diff": null
              },
              "uuid": "30f3db94-8e4e-40d4-985e-0f9a2142b962",
              "parentUUID": "d7f34939-e7b5-4d30-91d8-ff9d5e4d385f",
              "isHook": false,
              "skipped": false
            },
            {
              "title": "Verify Hat",
              "fullTitle": "Hat Verify Hat",
              "timedOut": null,
              "duration": 10754,
              "state": "failed",
              "speed": null,
              "pass": false,
              "fail": true,
              "pending": false,
              "context": null,
              "code": "const state = window.testState;\nreturn cy\n  .then(() => state.onStartScenario(scenario, indexedSteps))\n  .then(() =>\n    resolveAndRunBeforeHooks.call(this, scenario.tags, state.feature.name)\n  )\n  .then(() =>\n    indexedSteps.forEach((step) =>\n      stepTest.call(this, state, step, rowData)\n    )\n  )\n  .then(() => state.onFinishScenario(scenario));",
              "err": {
                "message": "AssertionError: Timed out retrying after 4000ms: Expected to find element: `.login-form_emailWrapper__UcrQc > :nth-child(1) > .input_inputGrid__UFWmw > .input_inputContent__emKRb`, but never found it.",
                "estack": "AssertionError: Timed out retrying after 4000ms: Expected to find element: `.login-form_emailWrapper__UcrQc > :nth-child(1) > .input_inputGrid__UFWmw > .input_inputContent__emKRb`, but never found it.\n    at BoynerMan.login (cypress/pages/boynerMan.js:26:31)\n    at Context.eval (cypress/e2e/stepDefinitions/boynerManHat.js:45:13)\n    at Context.resolveAndRunStepDefinition (node_modules/cypress-cucumber-preprocessor/lib/resolveStepDefinition.js:193:0)\n    at Context.eval (node_modules/cypress-cucumber-preprocessor/lib/createTestFromScenario.js:27:0)",
                "diff": null
              },
              "uuid": "648bdaac-2109-4e42-af02-66e22270892d",
              "parentUUID": "d7f34939-e7b5-4d30-91d8-ff9d5e4d385f",
              "isHook": false,
              "skipped": false
            }
          ],
          "suites": [],
          "passes": [],
          "failures": [
            "30f3db94-8e4e-40d4-985e-0f9a2142b962",
            "648bdaac-2109-4e42-af02-66e22270892d"
          ],
          "pending": [],
          "skipped": [],
          "duration": 20478,
          "root": false,
          "rootEmpty": false,
          "_timeout": 2000
        }
      ],
      "passes": [],
      "failures": [],
      "pending": [],
      "skipped": [],
      "duration": 0,
      "root": true,
      "rootEmpty": true,
      "_timeout": 2000
    }
  ],
  "meta": {
    "mocha": {
      "version": "7.0.1"
    },
    "mochawesome": {
      "options": {
        "quiet": false,
        "reportFilename": "mochawesome",
        "saveHtml": false,
        "saveJson": true,
        "consoleReporter": "spec",
        "useInlineDiffs": false,
        "code": true
      },
      "version": "7.1.3"
    },
    "marge": {
      "options": {
        "overwrite": false,
        "html": false,
        "json": true,
        "reportDir": "cypress\\reports\\html\\.jsons"
      },
      "version": "6.2.0"
    }
  }
}